<?xml version="1.0" encoding="utf-8"?><testsuite errors="0" failures="0" name="pytest" skips="0" tests="16" time="0.429"><testcase classname="pytests.test_index" file="pytests/test_index.py" line="9" name="test_conda_environment_activated" time="0.0018851757049560547"></testcase><testcase classname="pytests.test_index" file="pytests/test_index.py" line="12" name="test_yell_hello" time="0.0007779598236083984"></testcase><testcase classname="pytests.test_index" file="pytests/test_index.py" line="16" name="test_whisper_hey" time="0.0007405281066894531"></testcase><testcase classname="pytests.test_index" file="pytests/test_index.py" line="20" name="test_flatiorn_mantra" time="0.0007302761077880859"></testcase><testcase classname="pytests.test_index" file="pytests/test_index.py" line="24" name="test_type_string" time="0.0007398128509521484"></testcase><testcase classname="pytests.test_index" file="pytests/test_index.py" line="28" name="test_type_list" time="0.0007338523864746094"></testcase><testcase classname="pytests.test_index" file="pytests/test_index.py" line="32" name="test_lenght_of_list" time="0.0007610321044921875"></testcase><testcase classname="pytests.test_index" file="pytests/test_index.py" line="36" name="test_longest_word_in_list" time="0.0007216930389404297"></testcase><testcase classname="pytests.test_index" file="pytests/test_index.py" line="40" name="test_smallest_number" time="0.0007560253143310547"></testcase><testcase classname="pytests.test_index" file="pytests/test_index.py" line="44" name="test_sum_of_numbers" time="0.0007278919219970703"></testcase><testcase classname="pytests.test_index" file="pytests/test_index.py" line="48" name="test_boolean_compare" time="0.0007293224334716797"></testcase><testcase classname="pytests.test_index" file="pytests/test_index.py" line="52" name="test_number_compare" time="0.0007598400115966797"></testcase><testcase classname="pytests.test_index" file="pytests/test_index.py" line="57" name="test_string_compare" time="0.000751495361328125"></testcase><testcase classname="pytests.test_index" file="pytests/test_index.py" line="62" name="test_list_compare" time="0.0007848739624023438"></testcase><testcase classname="pytests.test_index" file="pytests/test_index.py" line="69" name="test_logical_compare" time="0.0007374286651611328"></testcase><testcase classname="pytests.test_index" file="pytests/test_index.py" line="78" name="test_identity_compare" time="0.0007562637329101562"></testcase></testsuite>